2023-11-06 11:34:38.726 +05:30 [Information] [RSCS.FinancingStatements.API.Controllers.InvoiceController] [] getFinPrograms is fetched
2023-11-06 11:34:42.757 +05:30 [Information] [RSCS.FinancingStatements.API.Controllers.InvoiceController] [] getFinPrograms is fetched
2023-11-06 11:34:55.609 +05:30 [Error] [RSCS.FinancingStatements.API.Controllers.InvoiceController] [] getFinPrograms has error : One or more errors occurred. (A network-related or instance-specific error occurred while establishing a connection to SQL Server. The server was not found or was not accessible. Verify that the instance name is correct and that SQL Server is configured to allow remote connections. (provider: Named Pipes Provider, error: 40 - Could not open a connection to SQL Server))
2023-11-06 11:34:55.609 +05:30 [Error] [RSCS.FinancingStatements.API.Controllers.InvoiceController] [] getFinPrograms has error : One or more errors occurred. (A network-related or instance-specific error occurred while establishing a connection to SQL Server. The server was not found or was not accessible. Verify that the instance name is correct and that SQL Server is configured to allow remote connections. (provider: Named Pipes Provider, error: 40 - Could not open a connection to SQL Server))
2023-11-06 11:46:08.551 +05:30 [Information] [RSCS.FinancingStatements.API.Controllers.InvoiceController] [] getFinPrograms is fetched
2023-11-06 11:46:21.576 +05:30 [Information] [RSCS.FinancingStatements.API.Controllers.InvoiceController] [] getFinPrograms is fetched
2023-11-06 11:49:25.400 +05:30 [Information] [RSCS.FinancingStatements.API.Controllers.InvoiceController] [] getFinPrograms is fetched
2023-11-06 11:49:41.080 +05:30 [Error] [RSCS.FinancingStatements.API.Controllers.InvoiceController] [] getFinPrograms has error : One or more errors occurred. (A network-related or instance-specific error occurred while establishing a connection to SQL Server. The server was not found or was not accessible. Verify that the instance name is correct and that SQL Server is configured to allow remote connections. (provider: Named Pipes Provider, error: 40 - Could not open a connection to SQL Server))
2023-11-06 13:06:46.912 +05:30 [Information] [RSCS.FinancingStatements.API.Controllers.InvoiceController] [] getFinPrograms is fetched
2023-11-06 13:07:02.820 +05:30 [Error] [RSCS.FinancingStatements.API.Controllers.InvoiceController] [] getFinPrograms has error : One or more errors occurred. (A network-related or instance-specific error occurred while establishing a connection to SQL Server. The server was not found or was not accessible. Verify that the instance name is correct and that SQL Server is configured to allow remote connections. (provider: Named Pipes Provider, error: 40 - Could not open a connection to SQL Server))
2023-11-06 13:08:48.277 +05:30 [Information] [RSCS.FinancingStatements.API.Controllers.InvoiceController] [] getFinPrograms is fetched
2023-11-06 16:03:11.192 +05:30 [Information] [RSCS.FinancingStatements.API.Controllers.InvoiceController] [] getFinPrograms is fetched
2023-11-06 16:03:28.433 +05:30 [Error] [RSCS.FinancingStatements.API.Controllers.InvoiceController] [] getFinPrograms has error : One or more errors occurred. (A network-related or instance-specific error occurred while establishing a connection to SQL Server. The server was not found or was not accessible. Verify that the instance name is correct and that SQL Server is configured to allow remote connections. (provider: Named Pipes Provider, error: 40 - Could not open a connection to SQL Server))
2023-11-06 16:40:58.638 +05:30 [Information] [RSCS.FinancingStatements.API.Controllers.InvoiceController] [] getFinPrograms is fetched
2023-11-06 16:55:42.320 +05:30 [Error] [Microsoft.IdentityModel.LoggingExtensions.IdentityLoggerAdapter] [] Microsoft.IdentityModel Version: 6.33.0.0. Date 11/06/2023 11:25:42. PII logging is OFF. See https://aka.ms/IdentityModel/PII for details. 
IDX10511: Signature validation failed. Keys tried: '[PII of type 'System.Text.StringBuilder' is hidden. For more details, see https://aka.ms/IdentityModel/PII.]'. 
Number of keys in TokenValidationParameters: '4'. 
Number of keys in Configuration: '4'. 
Matched key was in 'TokenValidationParameters'. 
kid: '9GmnyFPkhc3hOuR22mvSvgnLo7Y'. 
Exceptions caught:
 '[PII of type 'System.Text.StringBuilder' is hidden. For more details, see https://aka.ms/IdentityModel/PII.]'.
token: '[PII of type 'System.IdentityModel.Tokens.Jwt.JwtSecurityToken' is hidden. For more details, see https://aka.ms/IdentityModel/PII.]'. See https://aka.ms/IDX10511 for details.
2023-11-06 16:55:42.686 +05:30 [Error] [Microsoft.IdentityModel.LoggingExtensions.IdentityLoggerAdapter] [] IDX10511: Signature validation failed. Keys tried: '[PII of type 'System.Text.StringBuilder' is hidden. For more details, see https://aka.ms/IdentityModel/PII.]'. 
Number of keys in TokenValidationParameters: '4'. 
Number of keys in Configuration: '4'. 
Matched key was in 'TokenValidationParameters'. 
kid: '9GmnyFPkhc3hOuR22mvSvgnLo7Y'. 
Exceptions caught:
 '[PII of type 'System.Text.StringBuilder' is hidden. For more details, see https://aka.ms/IdentityModel/PII.]'.
token: '[PII of type 'System.IdentityModel.Tokens.Jwt.JwtSecurityToken' is hidden. For more details, see https://aka.ms/IdentityModel/PII.]'. See https://aka.ms/IDX10511 for details.
2023-11-06 16:56:01.516 +05:30 [Error] [Microsoft.IdentityModel.LoggingExtensions.IdentityLoggerAdapter] [] IDX10511: Signature validation failed. Keys tried: '[PII of type 'System.Text.StringBuilder' is hidden. For more details, see https://aka.ms/IdentityModel/PII.]'. 
Number of keys in TokenValidationParameters: '4'. 
Number of keys in Configuration: '4'. 
Matched key was in 'TokenValidationParameters'. 
kid: '9GmnyFPkhc3hOuR22mvSvgnLo7Y'. 
Exceptions caught:
 '[PII of type 'System.Text.StringBuilder' is hidden. For more details, see https://aka.ms/IdentityModel/PII.]'.
token: '[PII of type 'System.IdentityModel.Tokens.Jwt.JwtSecurityToken' is hidden. For more details, see https://aka.ms/IdentityModel/PII.]'. See https://aka.ms/IDX10511 for details.
2023-11-06 18:03:44.156 +05:30 [Error] [Microsoft.IdentityModel.LoggingExtensions.IdentityLoggerAdapter] [] Microsoft.IdentityModel Version: 6.33.0.0. Date 11/06/2023 12:33:44. PII logging is OFF. See https://aka.ms/IdentityModel/PII for details. 
IDX10511: Signature validation failed. Keys tried: '[PII of type 'System.Text.StringBuilder' is hidden. For more details, see https://aka.ms/IdentityModel/PII.]'. 
Number of keys in TokenValidationParameters: '4'. 
Number of keys in Configuration: '4'. 
Matched key was in 'TokenValidationParameters'. 
kid: '9GmnyFPkhc3hOuR22mvSvgnLo7Y'. 
Exceptions caught:
 '[PII of type 'System.Text.StringBuilder' is hidden. For more details, see https://aka.ms/IdentityModel/PII.]'.
token: '[PII of type 'System.IdentityModel.Tokens.Jwt.JwtSecurityToken' is hidden. For more details, see https://aka.ms/IdentityModel/PII.]'. See https://aka.ms/IDX10511 for details.
2023-11-06 18:03:44.545 +05:30 [Error] [Microsoft.IdentityModel.LoggingExtensions.IdentityLoggerAdapter] [] IDX10511: Signature validation failed. Keys tried: '[PII of type 'System.Text.StringBuilder' is hidden. For more details, see https://aka.ms/IdentityModel/PII.]'. 
Number of keys in TokenValidationParameters: '4'. 
Number of keys in Configuration: '4'. 
Matched key was in 'TokenValidationParameters'. 
kid: '9GmnyFPkhc3hOuR22mvSvgnLo7Y'. 
Exceptions caught:
 '[PII of type 'System.Text.StringBuilder' is hidden. For more details, see https://aka.ms/IdentityModel/PII.]'.
token: '[PII of type 'System.IdentityModel.Tokens.Jwt.JwtSecurityToken' is hidden. For more details, see https://aka.ms/IdentityModel/PII.]'. See https://aka.ms/IDX10511 for details.
