2023-11-08 12:45:17.006 +05:30 [Information] [RSCS.FinancingStatements.API.Controllers.InvoiceController] [] getFinPrograms is fetched
2023-11-08 12:45:33.155 +05:30 [Error] [RSCS.FinancingStatements.API.Controllers.InvoiceController] [] getFinPrograms has error : One or more errors occurred. (A network-related or instance-specific error occurred while establishing a connection to SQL Server. The server was not found or was not accessible. Verify that the instance name is correct and that SQL Server is configured to allow remote connections. (provider: Named Pipes Provider, error: 40 - Could not open a connection to SQL Server))
2023-11-08 12:49:54.822 +05:30 [Information] [RSCS.FinancingStatements.API.Controllers.InvoiceController] [] getFinPrograms is fetched
2023-11-08 12:50:04.894 +05:30 [Information] [RSCS.FinancingStatements.API.Controllers.InvoiceController] [] GetFinProgramsFranchisees is fetched
2023-11-08 12:50:21.080 +05:30 [Information] [RSCS.FinancingStatements.API.Controllers.InvoiceController] [] GetStatementDetails is fetched
2023-11-08 12:50:21.107 +05:30 [Information] [RSCS.FinancingStatements.API.Controllers.InvoiceController] [] GetInvoiceDetails is fetched
2023-11-08 12:50:23.912 +05:30 [Information] [RSCS.FinancingStatements.API.Controllers.ProgramMaintenanceController] [] getFinPrograms is fetched
2023-11-08 12:50:25.829 +05:30 [Information] [RSCS.FinancingStatements.API.Controllers.ProgramMaintenanceController] [] getFinPrograms is fetched
2023-11-08 12:50:30.061 +05:30 [Information] [RSCS.FinancingStatements.API.Controllers.ProgramMaintenanceController] [] getFinPrograms is fetched
2023-11-08 12:52:44.458 +05:30 [Information] [RSCS.FinancingStatements.API.Controllers.InvoiceController] [] getFinPrograms is fetched
2023-11-08 12:52:51.110 +05:30 [Information] [RSCS.FinancingStatements.API.Controllers.InvoiceController] [] GetFinProgramsFranchisees is fetched
2023-11-08 12:52:53.353 +05:30 [Information] [RSCS.FinancingStatements.API.Controllers.InvoiceController] [] GetStatementDetails is fetched
2023-11-08 12:52:53.389 +05:30 [Information] [RSCS.FinancingStatements.API.Controllers.InvoiceController] [] GetInvoiceDetails is fetched
2023-11-08 12:52:58.088 +05:30 [Information] [RSCS.FinancingStatements.API.Controllers.ProgramMaintenanceController] [] getFinPrograms is fetched
2023-11-08 12:53:00.543 +05:30 [Information] [RSCS.FinancingStatements.API.Controllers.SecurityController] [] GetReferences is fetched
2023-11-08 12:53:00.596 +05:30 [Information] [RSCS.FinancingStatements.API.Controllers.SecurityController] [] GetContacts is fetched
2023-11-08 12:53:26.606 +05:30 [Information] [RSCS.FinancingStatements.API.Controllers.ProgramMaintenanceController] [] getFinPrograms is fetched
2023-11-08 12:53:28.392 +05:30 [Information] [RSCS.FinancingStatements.API.Controllers.ProgramMaintenanceController] [] getFinPrograms is fetched
2023-11-08 12:53:32.159 +05:30 [Information] [RSCS.FinancingStatements.API.Controllers.ProgramMaintenanceController] [] getFinPrograms is fetched
2023-11-08 13:09:03.044 +05:30 [Information] [RSCS.FinancingStatements.API.Controllers.InvoiceController] [] getFinPrograms is fetched
2023-11-08 13:09:08.781 +05:30 [Information] [RSCS.FinancingStatements.API.Controllers.ProgramMaintenanceController] [] getFinPrograms is fetched
2023-11-08 13:09:13.284 +05:30 [Information] [RSCS.FinancingStatements.API.Controllers.ProgramMaintenanceController] [] getFinPrograms is fetched
2023-11-08 13:09:17.595 +05:30 [Information] [RSCS.FinancingStatements.API.Controllers.ProgramMaintenanceController] [] UpdateFinPrograms is fetched
2023-11-08 13:09:19.322 +05:30 [Information] [RSCS.FinancingStatements.API.Controllers.ProgramMaintenanceController] [] getFinPrograms is fetched
2023-11-08 13:19:45.447 +05:30 [Information] [RSCS.FinancingStatements.API.Controllers.InvoiceController] [] getFinPrograms is fetched
2023-11-08 13:19:52.205 +05:30 [Information] [RSCS.FinancingStatements.API.Controllers.ProgramMaintenanceController] [] getFinPrograms is fetched
2023-11-08 14:44:12.920 +05:30 [Information] [RSCS.FinancingStatements.API.Controllers.InvoiceController] [] getFinPrograms is fetched
2023-11-08 14:44:20.192 +05:30 [Information] [RSCS.FinancingStatements.API.Controllers.ProgramMaintenanceController] [] getFinPrograms is fetched
2023-11-08 14:44:21.788 +05:30 [Information] [RSCS.FinancingStatements.API.Controllers.ProgramMaintenanceController] [] getFinPrograms is fetched
2023-11-08 14:44:26.358 +05:30 [Information] [RSCS.FinancingStatements.API.Controllers.ProgramMaintenanceController] [] UpdateFinPrograms is fetched
2023-11-08 14:44:27.852 +05:30 [Information] [RSCS.FinancingStatements.API.Controllers.ProgramMaintenanceController] [] getFinPrograms is fetched
2023-11-08 14:51:10.968 +05:30 [Information] [RSCS.FinancingStatements.API.Controllers.InvoiceController] [] getFinPrograms is fetched
2023-11-08 18:07:24.953 +05:30 [Information] [RSCS.FinancingStatements.API.Controllers.InvoiceController] [] getFinPrograms is fetched
2023-11-08 18:07:33.145 +05:30 [Information] [RSCS.FinancingStatements.API.Controllers.ProgramMaintenanceController] [] getFinPrograms is fetched
2023-11-08 18:08:39.651 +05:30 [Information] [RSCS.FinancingStatements.API.Controllers.ProgramMaintenanceController] [] getFinPrograms is fetched
2023-11-08 18:08:43.691 +05:30 [Information] [RSCS.FinancingStatements.API.Controllers.ProgramMaintenanceController] [] UpdateFinPrograms is fetched
2023-11-08 18:08:45.545 +05:30 [Information] [RSCS.FinancingStatements.API.Controllers.ProgramMaintenanceController] [] getFinPrograms is fetched
2023-11-08 18:12:14.194 +05:30 [Information] [RSCS.FinancingStatements.API.Controllers.InvoiceController] [] getFinPrograms is fetched
2023-11-08 18:12:20.393 +05:30 [Information] [RSCS.FinancingStatements.API.Controllers.ProgramMaintenanceController] [] getFinPrograms is fetched
2023-11-08 18:12:21.995 +05:30 [Information] [RSCS.FinancingStatements.API.Controllers.ProgramMaintenanceController] [] getFinPrograms is fetched
2023-11-08 18:12:28.432 +05:30 [Information] [RSCS.FinancingStatements.API.Controllers.ProgramMaintenanceController] [] getFinPrograms is fetched
2023-11-08 19:14:47.592 +05:30 [Information] [RSCS.FinancingStatements.API.Controllers.InvoiceController] [] getFinPrograms is fetched
2023-11-08 19:14:54.473 +05:30 [Information] [RSCS.FinancingStatements.API.Controllers.ProgramMaintenanceController] [] getFinPrograms is fetched
2023-11-08 19:14:57.297 +05:30 [Information] [RSCS.FinancingStatements.API.Controllers.SecurityController] [] GetReferences is fetched
2023-11-08 19:14:57.444 +05:30 [Information] [RSCS.FinancingStatements.API.Controllers.SecurityController] [] GetContacts is fetched
2023-11-08 19:15:28.224 +05:30 [Error] [RSCS.FinancingStatements.API.Controllers.SecurityController] [] GetReferences has error : One or more errors occurred. (Execution Timeout Expired.  The timeout period elapsed prior to completion of the operation or the server is not responding.)
2023-11-08 20:09:00.248 +05:30 [Information] [RSCS.FinancingStatements.API.Controllers.InvoiceController] [] getFinPrograms is fetched
2023-11-08 20:09:16.210 +05:30 [Error] [RSCS.FinancingStatements.API.Controllers.InvoiceController] [] getFinPrograms has error : One or more errors occurred. (A network-related or instance-specific error occurred while establishing a connection to SQL Server. The server was not found or was not accessible. Verify that the instance name is correct and that SQL Server is configured to allow remote connections. (provider: Named Pipes Provider, error: 40 - Could not open a connection to SQL Server))
2023-11-08 20:10:08.669 +05:30 [Information] [RSCS.FinancingStatements.API.Controllers.InvoiceController] [] getFinPrograms is fetched
2023-11-08 20:10:14.081 +05:30 [Information] [RSCS.FinancingStatements.API.Controllers.ProgramMaintenanceController] [] getFinPrograms is fetched
2023-11-08 20:10:15.878 +05:30 [Information] [RSCS.FinancingStatements.API.Controllers.ProgramMaintenanceController] [] getFinPrograms is fetched
2023-11-08 20:10:19.727 +05:30 [Information] [RSCS.FinancingStatements.API.Controllers.ProgramMaintenanceController] [] getFinPrograms is fetched
